<?xml version="1.0" encoding="UTF-8"?>
<testng-results ignored="0" total="2" passed="2" failed="0" skipped="0">
  <reporter-output>
  </reporter-output>
  <suite started-at="2024-01-06T21:59:09 WIB" name="All Test Suite" finished-at="2024-01-06T22:00:12 WIB" duration-ms="63012">
    <groups>
      <group name="cucumber">
        <method signature="AbstractTestNGCucumberTests.runScenario(io.cucumber.testng.PickleWrapper,io.cucumber.testng.FeatureWrapper)[pri:0, instance:runners.testRunner@443118b0]" name="runScenario" class="io.cucumber.testng.AbstractTestNGCucumberTests"/>
      </group> <!-- cucumber -->
    </groups>
    <test started-at="2024-01-06T21:59:09 WIB" name="regression test - secondhand binar" finished-at="2024-01-06T22:00:12 WIB" duration-ms="63012">
      <class name="runners.testRunner">
        <test-method is-config="true" signature="setUpClass(org.testng.ITestContext)[pri:0, instance:runners.testRunner@443118b0]" started-at="2024-01-06T21:59:09 WIB" name="setUpClass" finished-at="2024-01-06T21:59:11 WIB" duration-ms="1563" status="PASS">
          <params>
            <param index="0">
              <value>
                <![CDATA[org.testng.TestRunner@3c947bc5]]>
              </value>
            </param>
          </params>
          <reporter-output>
          </reporter-output>
        </test-method> <!-- setUpClass -->
        <test-method is-config="true" signature="setupDriver()[pri:0, instance:runners.testRunner@443118b0]" started-at="2024-01-06T21:59:11 WIB" name="setupDriver" finished-at="2024-01-06T21:59:27 WIB" duration-ms="16161" status="PASS">
          <reporter-output>
          </reporter-output>
        </test-method> <!-- setupDriver -->
        <test-method signature="runScenario(io.cucumber.testng.PickleWrapper,io.cucumber.testng.FeatureWrapper)[pri:0, instance:runners.testRunner@443118b0]" started-at="2024-01-06T21:59:27 WIB" name="runScenario" description="Runs Cucumber Scenarios" data-provider="scenarios" finished-at="2024-01-06T21:59:44 WIB" duration-ms="16593" status="PASS">
          <params>
            <param index="0">
              <value>
                <![CDATA["As a user, I should be able to log in using correct registered data on secondhand-binaracademy"]]>
              </value>
            </param>
            <param index="1">
              <value>
                <![CDATA["Login"]]>
              </value>
            </param>
          </params>
          <reporter-output>
          </reporter-output>
        </test-method> <!-- runScenario -->
        <test-method is-config="true" signature="tearDownDriver()[pri:0, instance:runners.testRunner@443118b0]" started-at="2024-01-06T21:59:44 WIB" name="tearDownDriver" finished-at="2024-01-06T21:59:44 WIB" duration-ms="2" status="PASS">
          <reporter-output>
          </reporter-output>
        </test-method> <!-- tearDownDriver -->
        <test-method is-config="true" signature="setupDriver()[pri:0, instance:runners.testRunner@443118b0]" started-at="2024-01-06T21:59:44 WIB" name="setupDriver" finished-at="2024-01-06T21:59:58 WIB" duration-ms="14453" status="PASS">
          <reporter-output>
          </reporter-output>
        </test-method> <!-- setupDriver -->
        <test-method signature="runScenario(io.cucumber.testng.PickleWrapper,io.cucumber.testng.FeatureWrapper)[pri:0, instance:runners.testRunner@443118b0]" started-at="2024-01-06T21:59:58 WIB" name="runScenario" description="Runs Cucumber Scenarios" data-provider="scenarios" finished-at="2024-01-06T22:00:11 WIB" duration-ms="13220" status="PASS">
          <params>
            <param index="0">
              <value>
                <![CDATA["As a user, I can't log in using wrong password to secondhand-binaracademy"]]>
              </value>
            </param>
            <param index="1">
              <value>
                <![CDATA["Login"]]>
              </value>
            </param>
          </params>
          <reporter-output>
          </reporter-output>
        </test-method> <!-- runScenario -->
        <test-method is-config="true" signature="tearDownDriver()[pri:0, instance:runners.testRunner@443118b0]" started-at="2024-01-06T22:00:11 WIB" name="tearDownDriver" finished-at="2024-01-06T22:00:11 WIB" duration-ms="1" status="PASS">
          <reporter-output>
          </reporter-output>
        </test-method> <!-- tearDownDriver -->
        <test-method is-config="true" signature="tearDownClass()[pri:0, instance:runners.testRunner@443118b0]" started-at="2024-01-06T22:00:11 WIB" name="tearDownClass" finished-at="2024-01-06T22:00:12 WIB" duration-ms="934" status="PASS">
          <reporter-output>
          </reporter-output>
        </test-method> <!-- tearDownClass -->
      </class> <!-- runners.testRunner -->
    </test> <!-- regression test - secondhand binar -->
  </suite> <!-- All Test Suite -->
</testng-results>
