<?xml version="1.0" encoding="UTF-8"?>
<!-- Generated by org.testng.reporters.JUnitXMLReporter -->
<testsuite ignored="0" hostname="shidqiadiatma" failures="0" tests="2" name="regression test - secondhand binar" time="63.012" errors="0" timestamp="2024-01-06T22:00:12 WIB">
  <testcase classname="io.cucumber.testng.AbstractTestNGCucumberTests" name="runScenario" time="16.593"/>
  <testcase classname="io.cucumber.testng.AbstractTestNGCucumberTests" name="runScenario" time="13.22"/>
</testsuite> <!-- regression test - secondhand binar -->
